<?xml version="1.0" encoding="UTF-8"?>
<testng-results total="1" passed="1" failed="0" skipped="0">
  <reporter-output>
  </reporter-output>
  <suite started-at="2018-08-17T12:39:58Z" name="Default suite" finished-at="2018-08-17T12:40:24Z" duration-ms="25844">
    <groups>
    </groups>
    <test started-at="2018-08-17T12:39:58Z" name="Default test" finished-at="2018-08-17T12:40:24Z" duration-ms="25844">
      <class name="testcases.VerifyHomePage">
        <test-method is-config="true" signature="setup()[pri:0, instance:testcases.VerifyHomePage@7d20d0b]" started-at="2018-08-17T18:09:58Z" name="setup" finished-at="2018-08-17T18:10:23Z" duration-ms="24485" status="PASS">
          <reporter-output>
          </reporter-output>
        </test-method> <!-- setup -->
        <test-method signature="testHomePage()[pri:0, instance:testcases.VerifyHomePage@7d20d0b]" started-at="2018-08-17T18:10:23Z" name="testHomePage" finished-at="2018-08-17T18:10:23Z" duration-ms="134" status="PASS">
          <reporter-output>
          </reporter-output>
        </test-method> <!-- testHomePage -->
        <test-method is-config="true" signature="tearDown()[pri:0, instance:testcases.VerifyHomePage@7d20d0b]" started-at="2018-08-17T18:10:23Z" name="tearDown" finished-at="2018-08-17T18:10:24Z" duration-ms="1189" status="PASS">
          <reporter-output>
          </reporter-output>
        </test-method> <!-- tearDown -->
      </class> <!-- testcases.VerifyHomePage -->
    </test> <!-- Default test -->
  </suite> <!-- Default suite -->
</testng-results>
